{"uid":"4ee1d1ea4e55366d","name":"Validate Name & Email fields with screenshot","fullName":"tests.test_contactUs.TestContactUs#test_form_validation_and_screenshot","historyId":"b1da886330adc35cf3e35370426ea4fb","time":{"start":1750681580044,"stop":1750681590394,"duration":10350},"status":"broken","statusMessage":"selenium.common.exceptions.TimeoutException: Message: \nStacktrace:\n\tGetHandleVerifier [0x0x7ff77433cda5+78885]\n\tGetHandleVerifier [0x0x7ff77433ce00+78976]\n\t(No symbol) [0x0x7ff7740f9bca]\n\t(No symbol) [0x0x7ff774150766]\n\t(No symbol) [0x0x7ff774150a1c]\n\t(No symbol) [0x0x7ff7741a4467]\n\t(No symbol) [0x0x7ff774178bcf]\n\t(No symbol) [0x0x7ff7741a122f]\n\t(No symbol) [0x0x7ff774178963]\n\t(No symbol) [0x0x7ff7741416b1]\n\t(No symbol) [0x0x7ff774142443]\n\tGetHandleVerifier [0x0x7ff774614eed+3061101]\n\tGetHandleVerifier [0x0x7ff77460f33d+3037629]\n\tGetHandleVerifier [0x0x7ff77462e592+3165202]\n\tGetHandleVerifier [0x0x7ff77435730e+186766]\n\tGetHandleVerifier [0x0x7ff77435eb3f+217535]\n\tGetHandleVerifier [0x0x7ff7743459b4+114740]\n\tGetHandleVerifier [0x0x7ff774345b69+115177]\n\tGetHandleVerifier [0x0x7ff77432c368+10728]\n\tBaseThreadInitThunk [0x0x7ffeb4de7374+20]\n\tRtlUserThreadStart [0x0x7ffeb515cc91+33]","statusTrace":"self = <tests.test_contactUs.TestContactUs object at 0x000002A6FA2474F0>\nbrowser = <selenium.webdriver.chrome.webdriver.WebDriver (session=\"ee090394f1117a1bfe941473be22c063\")>\nconfig = <config.config_loader.ConfigLoader object at 0x000002A6FB7A04C0>\n\n    @pytest.mark.sanity\n    @allure.title(\"Validate Name & Email fields with screenshot\")\n    def test_form_validation_and_screenshot(self, browser, config):\n        page = ContactUsPage(browser, config)\n>       page.click_name_and_email()\n\ntests\\test_contactUs.py:31: \n_ _ _ _ _ _ _ _ _ _ _ _ _ _ _ _ _ _ _ _ _ _ _ _ _ _ _ _ _ _ _ _ _ _ _ _ _ _ _ _ _ _ _ _ _ _ _ _ _ _ _ _ _ _ _ _ _ _ _ _ _ _ _ _ _ _ _ _ _ _ _ _ _ _ _ _ _ _ _\npages\\contactUs_page.py:21: in click_name_and_email\n    self.click(self.NAME_FIELD)\npages\\base_page.py:15: in click\n    self.wait.until(EC.element_to_be_clickable(locator)).click()\n_ _ _ _ _ _ _ _ _ _ _ _ _ _ _ _ _ _ _ _ _ _ _ _ _ _ _ _ _ _ _ _ _ _ _ _ _ _ _ _ _ _ _ _ _ _ _ _ _ _ _ _ _ _ _ _ _ _ _ _ _ _ _ _ _ _ _ _ _ _ _ _ _ _ _ _ _ _ _\n\nself = <selenium.webdriver.support.wait.WebDriverWait (session=\"ee090394f1117a1bfe941473be22c063\")>\nmethod = <function element_to_be_clickable.<locals>._predicate at 0x000002A6FB8F93F0>, message = ''\n\n    def until(self, method: Callable[[WebDriver], Union[Literal[False], T]], message: str = \"\") -> T:\n        \"\"\"Calls the method provided with the driver as an argument until the \\\n        return value does not evaluate to ``False``.\n    \n        :param method: callable(WebDriver)\n        :param message: optional message for :exc:`TimeoutException`\n        :returns: the result of the last call to `method`\n        :raises: :exc:`selenium.common.exceptions.TimeoutException` if timeout occurs\n        \"\"\"\n        screen = None\n        stacktrace = None\n    \n        end_time = time.monotonic() + self._timeout\n        while True:\n            try:\n                value = method(self._driver)\n                if value:\n                    return value\n            except self._ignored_exceptions as exc:\n                screen = getattr(exc, \"screen\", None)\n                stacktrace = getattr(exc, \"stacktrace\", None)\n            time.sleep(self._poll)\n            if time.monotonic() > end_time:\n                break\n>       raise TimeoutException(message, screen, stacktrace)\nE       selenium.common.exceptions.TimeoutException: Message: \nE       Stacktrace:\nE       \tGetHandleVerifier [0x0x7ff77433cda5+78885]\nE       \tGetHandleVerifier [0x0x7ff77433ce00+78976]\nE       \t(No symbol) [0x0x7ff7740f9bca]\nE       \t(No symbol) [0x0x7ff774150766]\nE       \t(No symbol) [0x0x7ff774150a1c]\nE       \t(No symbol) [0x0x7ff7741a4467]\nE       \t(No symbol) [0x0x7ff774178bcf]\nE       \t(No symbol) [0x0x7ff7741a122f]\nE       \t(No symbol) [0x0x7ff774178963]\nE       \t(No symbol) [0x0x7ff7741416b1]\nE       \t(No symbol) [0x0x7ff774142443]\nE       \tGetHandleVerifier [0x0x7ff774614eed+3061101]\nE       \tGetHandleVerifier [0x0x7ff77460f33d+3037629]\nE       \tGetHandleVerifier [0x0x7ff77462e592+3165202]\nE       \tGetHandleVerifier [0x0x7ff77435730e+186766]\nE       \tGetHandleVerifier [0x0x7ff77435eb3f+217535]\nE       \tGetHandleVerifier [0x0x7ff7743459b4+114740]\nE       \tGetHandleVerifier [0x0x7ff774345b69+115177]\nE       \tGetHandleVerifier [0x0x7ff77432c368+10728]\nE       \tBaseThreadInitThunk [0x0x7ffeb4de7374+20]\nE       \tRtlUserThreadStart [0x0x7ffeb515cc91+33]\n\nD:\\ProjectForAutomation\\livePad_automation\\.venv\\lib\\site-packages\\selenium\\webdriver\\support\\wait.py:101: TimeoutException","flaky":false,"newFailed":false,"newBroken":false,"newPassed":false,"retriesCount":0,"retriesStatusChange":false,"beforeStages":[{"name":"_session_faker","time":{"start":1750681554708,"stop":1750681554856,"duration":148},"status":"passed","steps":[],"attachments":[],"parameters":[],"attachmentsCount":0,"shouldDisplayMessage":false,"stepsCount":0,"hasContent":false,"attachmentStep":false},{"name":"browser","time":{"start":1750681554856,"stop":1750681558958,"duration":4102},"status":"passed","steps":[],"attachments":[],"parameters":[],"attachmentsCount":0,"shouldDisplayMessage":false,"stepsCount":0,"hasContent":false,"attachmentStep":false},{"name":"base_url","time":{"start":1750681554856,"stop":1750681554856,"duration":0},"status":"passed","steps":[],"attachments":[],"parameters":[],"attachmentsCount":0,"shouldDisplayMessage":false,"stepsCount":0,"hasContent":false,"attachmentStep":false},{"name":"_verify_url","time":{"start":1750681554856,"stop":1750681554856,"duration":0},"status":"passed","steps":[],"attachments":[],"parameters":[],"attachmentsCount":0,"shouldDisplayMessage":false,"stepsCount":0,"hasContent":false,"attachmentStep":false},{"name":"config","time":{"start":1750681558958,"stop":1750681558958,"duration":0},"status":"passed","steps":[],"attachments":[],"parameters":[],"attachmentsCount":0,"shouldDisplayMessage":false,"stepsCount":0,"hasContent":false,"attachmentStep":false}],"afterStages":[{"name":"browser::0","time":{"start":1750681616754,"stop":1750681619282,"duration":2528},"status":"passed","steps":[],"attachments":[],"parameters":[],"attachmentsCount":0,"shouldDisplayMessage":false,"stepsCount":0,"hasContent":false,"attachmentStep":false}],"labels":[{"name":"feature","value":"Contact Us Page Tests"},{"name":"suite","value":"Contact Us Page Suite"},{"name":"tag","value":"sanity"},{"name":"parentSuite","value":"tests"},{"name":"subSuite","value":"TestContactUs"},{"name":"host","value":"DESKTOP-92FVP13"},{"name":"thread","value":"6920-MainThread"},{"name":"framework","value":"pytest"},{"name":"language","value":"cpython3"},{"name":"package","value":"tests.test_contactUs"},{"name":"resultFormat","value":"allure2"}],"parameters":[],"links":[],"hidden":true,"retry":true,"extra":{"categories":[],"tags":["sanity"]},"source":"4ee1d1ea4e55366d.json","parameterValues":[]}