{"uid":"85cae9eb503e7c49","name":"Verify Contact Us page title","fullName":"tests.test_contactUs.TestContactUs#test_contact_us_title","historyId":"281ff92d33a2258b72910b63aaa9d415","time":{"start":1750683313821,"stop":1750683324206,"duration":10385},"status":"broken","statusMessage":"selenium.common.exceptions.TimeoutException: Message:","statusTrace":"self = <tests.test_contactUs.TestContactUs object at 0x00000230768DF310>\nbrowser = <selenium.webdriver.chrome.webdriver.WebDriver (session=\"56faedc21ce090ff77e22becfa7f95d3\")>\nconfig = <config.config_loader.ConfigLoader object at 0x0000023077E40280>\n\n    @pytest.mark.smoke\n    @pytest.mark.sanity\n    @allure.title(\"Verify Contact Us page title\")\n    def test_contact_us_title(self, browser, config):\n        page = ContactUsPage(browser, config)\n>       WebDriverWait(browser, 10).until(EC.title_is(page.expected[\"title\"]))\n\ntests\\test_contactUs.py:17: \n_ _ _ _ _ _ _ _ _ _ _ _ _ _ _ _ _ _ _ _ _ _ _ _ _ _ _ _ _ _ _ _ _ _ _ _ _ _ _ _ _ _ _ _ _ _ _ _ _ _ _ _ _ _ _ _ _ _ _ _ _ _ _ _ _ _ _ _ _ _ _ _ _ _ _ _ _ _ _\n\nself = <selenium.webdriver.support.wait.WebDriverWait (session=\"56faedc21ce090ff77e22becfa7f95d3\")>\nmethod = <function title_is.<locals>._predicate at 0x0000023076873370>, message = ''\n\n    def until(self, method: Callable[[WebDriver], Union[Literal[False], T]], message: str = \"\") -> T:\n        \"\"\"Calls the method provided with the driver as an argument until the \\\n        return value does not evaluate to ``False``.\n    \n        :param method: callable(WebDriver)\n        :param message: optional message for :exc:`TimeoutException`\n        :returns: the result of the last call to `method`\n        :raises: :exc:`selenium.common.exceptions.TimeoutException` if timeout occurs\n        \"\"\"\n        screen = None\n        stacktrace = None\n    \n        end_time = time.monotonic() + self._timeout\n        while True:\n            try:\n                value = method(self._driver)\n                if value:\n                    return value\n            except self._ignored_exceptions as exc:\n                screen = getattr(exc, \"screen\", None)\n                stacktrace = getattr(exc, \"stacktrace\", None)\n            time.sleep(self._poll)\n            if time.monotonic() > end_time:\n                break\n>       raise TimeoutException(message, screen, stacktrace)\nE       selenium.common.exceptions.TimeoutException: Message:\n\nD:\\ProjectForAutomation\\livePad_automation\\.venv\\lib\\site-packages\\selenium\\webdriver\\support\\wait.py:101: TimeoutException","flaky":false,"newFailed":false,"newBroken":false,"newPassed":false,"retriesCount":0,"retriesStatusChange":false,"beforeStages":[{"name":"_session_faker","time":{"start":1750683310819,"stop":1750683310959,"duration":140},"status":"passed","steps":[],"attachments":[],"parameters":[],"attachmentsCount":0,"shouldDisplayMessage":false,"stepsCount":0,"hasContent":false,"attachmentStep":false},{"name":"browser","time":{"start":1750683310959,"stop":1750683313817,"duration":2858},"status":"passed","steps":[],"attachments":[],"parameters":[],"attachmentsCount":0,"shouldDisplayMessage":false,"stepsCount":0,"hasContent":false,"attachmentStep":false},{"name":"_verify_url","time":{"start":1750683310959,"stop":1750683310959,"duration":0},"status":"passed","steps":[],"attachments":[],"parameters":[],"attachmentsCount":0,"shouldDisplayMessage":false,"stepsCount":0,"hasContent":false,"attachmentStep":false},{"name":"base_url","time":{"start":1750683310959,"stop":1750683310959,"duration":0},"status":"passed","steps":[],"attachments":[],"parameters":[],"attachmentsCount":0,"shouldDisplayMessage":false,"stepsCount":0,"hasContent":false,"attachmentStep":false},{"name":"config","time":{"start":1750683313817,"stop":1750683313818,"duration":1},"status":"passed","steps":[],"attachments":[],"parameters":[],"attachmentsCount":0,"shouldDisplayMessage":false,"stepsCount":0,"hasContent":false,"attachmentStep":false}],"afterStages":[{"name":"browser::0","time":{"start":1750683369798,"stop":1750683372395,"duration":2597},"status":"passed","steps":[],"attachments":[],"parameters":[],"attachmentsCount":0,"shouldDisplayMessage":false,"stepsCount":0,"hasContent":false,"attachmentStep":false}],"labels":[{"name":"suite","value":"Contact Us Page Suite"},{"name":"feature","value":"Contact Us Page Tests"},{"name":"tag","value":"sanity"},{"name":"tag","value":"smoke"},{"name":"parentSuite","value":"tests"},{"name":"subSuite","value":"TestContactUs"},{"name":"host","value":"DESKTOP-92FVP13"},{"name":"thread","value":"5440-MainThread"},{"name":"framework","value":"pytest"},{"name":"language","value":"cpython3"},{"name":"package","value":"tests.test_contactUs"},{"name":"resultFormat","value":"allure2"}],"parameters":[],"links":[],"hidden":true,"retry":true,"extra":{"categories":[],"tags":["smoke","sanity"]},"source":"85cae9eb503e7c49.json","parameterValues":[]}