{"uid":"db7c06c581f4a66d","name":"Verify heading text on Contact Us page","fullName":"tests.test_contactUs.TestContactUs#test_contact_us_heading_text","historyId":"555f9d9b77efbbe5153210937fd0f9a5","time":{"start":1750683325213,"stop":1750683335582,"duration":10369},"status":"broken","statusMessage":"selenium.common.exceptions.TimeoutException: Message: \nStacktrace:\n\tGetHandleVerifier [0x0x7ff77433cda5+78885]\n\tGetHandleVerifier [0x0x7ff77433ce00+78976]\n\t(No symbol) [0x0x7ff7740f9bca]\n\t(No symbol) [0x0x7ff774150766]\n\t(No symbol) [0x0x7ff774150a1c]\n\t(No symbol) [0x0x7ff7741a4467]\n\t(No symbol) [0x0x7ff774178bcf]\n\t(No symbol) [0x0x7ff7741a122f]\n\t(No symbol) [0x0x7ff774178963]\n\t(No symbol) [0x0x7ff7741416b1]\n\t(No symbol) [0x0x7ff774142443]\n\tGetHandleVerifier [0x0x7ff774614eed+3061101]\n\tGetHandleVerifier [0x0x7ff77460f33d+3037629]\n\tGetHandleVerifier [0x0x7ff77462e592+3165202]\n\tGetHandleVerifier [0x0x7ff77435730e+186766]\n\tGetHandleVerifier [0x0x7ff77435eb3f+217535]\n\tGetHandleVerifier [0x0x7ff7743459b4+114740]\n\tGetHandleVerifier [0x0x7ff774345b69+115177]\n\tGetHandleVerifier [0x0x7ff77432c368+10728]\n\tBaseThreadInitThunk [0x0x7ffeb4de7374+20]\n\tRtlUserThreadStart [0x0x7ffeb515cc91+33]","statusTrace":"self = <tests.test_contactUs.TestContactUs object at 0x00000230768DF2E0>\nbrowser = <selenium.webdriver.chrome.webdriver.WebDriver (session=\"56faedc21ce090ff77e22becfa7f95d3\")>\nconfig = <config.config_loader.ConfigLoader object at 0x0000023077E40280>\n\n    @pytest.mark.regression\n    @allure.title(\"Verify heading text on Contact Us page\")\n    def test_contact_us_heading_text(self, browser, config):\n        page = ContactUsPage(browser, config)\n>       actual_heading = page.get_text(page.CONTACT_HEADING)\n\ntests\\test_contactUs.py:24: \n_ _ _ _ _ _ _ _ _ _ _ _ _ _ _ _ _ _ _ _ _ _ _ _ _ _ _ _ _ _ _ _ _ _ _ _ _ _ _ _ _ _ _ _ _ _ _ _ _ _ _ _ _ _ _ _ _ _ _ _ _ _ _ _ _ _ _ _ _ _ _ _ _ _ _ _ _ _ _\npages\\base_page.py:23: in get_text\n    return self.wait.until(EC.visibility_of_element_located(locator)).text\n_ _ _ _ _ _ _ _ _ _ _ _ _ _ _ _ _ _ _ _ _ _ _ _ _ _ _ _ _ _ _ _ _ _ _ _ _ _ _ _ _ _ _ _ _ _ _ _ _ _ _ _ _ _ _ _ _ _ _ _ _ _ _ _ _ _ _ _ _ _ _ _ _ _ _ _ _ _ _\n\nself = <selenium.webdriver.support.wait.WebDriverWait (session=\"56faedc21ce090ff77e22becfa7f95d3\")>\nmethod = <function visibility_of_element_located.<locals>._predicate at 0x0000023077F9CD30>, message = ''\n\n    def until(self, method: Callable[[WebDriver], Union[Literal[False], T]], message: str = \"\") -> T:\n        \"\"\"Calls the method provided with the driver as an argument until the \\\n        return value does not evaluate to ``False``.\n    \n        :param method: callable(WebDriver)\n        :param message: optional message for :exc:`TimeoutException`\n        :returns: the result of the last call to `method`\n        :raises: :exc:`selenium.common.exceptions.TimeoutException` if timeout occurs\n        \"\"\"\n        screen = None\n        stacktrace = None\n    \n        end_time = time.monotonic() + self._timeout\n        while True:\n            try:\n                value = method(self._driver)\n                if value:\n                    return value\n            except self._ignored_exceptions as exc:\n                screen = getattr(exc, \"screen\", None)\n                stacktrace = getattr(exc, \"stacktrace\", None)\n            time.sleep(self._poll)\n            if time.monotonic() > end_time:\n                break\n>       raise TimeoutException(message, screen, stacktrace)\nE       selenium.common.exceptions.TimeoutException: Message: \nE       Stacktrace:\nE       \tGetHandleVerifier [0x0x7ff77433cda5+78885]\nE       \tGetHandleVerifier [0x0x7ff77433ce00+78976]\nE       \t(No symbol) [0x0x7ff7740f9bca]\nE       \t(No symbol) [0x0x7ff774150766]\nE       \t(No symbol) [0x0x7ff774150a1c]\nE       \t(No symbol) [0x0x7ff7741a4467]\nE       \t(No symbol) [0x0x7ff774178bcf]\nE       \t(No symbol) [0x0x7ff7741a122f]\nE       \t(No symbol) [0x0x7ff774178963]\nE       \t(No symbol) [0x0x7ff7741416b1]\nE       \t(No symbol) [0x0x7ff774142443]\nE       \tGetHandleVerifier [0x0x7ff774614eed+3061101]\nE       \tGetHandleVerifier [0x0x7ff77460f33d+3037629]\nE       \tGetHandleVerifier [0x0x7ff77462e592+3165202]\nE       \tGetHandleVerifier [0x0x7ff77435730e+186766]\nE       \tGetHandleVerifier [0x0x7ff77435eb3f+217535]\nE       \tGetHandleVerifier [0x0x7ff7743459b4+114740]\nE       \tGetHandleVerifier [0x0x7ff774345b69+115177]\nE       \tGetHandleVerifier [0x0x7ff77432c368+10728]\nE       \tBaseThreadInitThunk [0x0x7ffeb4de7374+20]\nE       \tRtlUserThreadStart [0x0x7ffeb515cc91+33]\n\nD:\\ProjectForAutomation\\livePad_automation\\.venv\\lib\\site-packages\\selenium\\webdriver\\support\\wait.py:101: TimeoutException","flaky":false,"newFailed":false,"newBroken":false,"newPassed":false,"retriesCount":0,"retriesStatusChange":false,"beforeStages":[{"name":"_session_faker","time":{"start":1750683310819,"stop":1750683310959,"duration":140},"status":"passed","steps":[],"attachments":[],"parameters":[],"attachmentsCount":0,"shouldDisplayMessage":false,"stepsCount":0,"hasContent":false,"attachmentStep":false},{"name":"browser","time":{"start":1750683310959,"stop":1750683313817,"duration":2858},"status":"passed","steps":[],"attachments":[],"parameters":[],"attachmentsCount":0,"shouldDisplayMessage":false,"stepsCount":0,"hasContent":false,"attachmentStep":false},{"name":"_verify_url","time":{"start":1750683310959,"stop":1750683310959,"duration":0},"status":"passed","steps":[],"attachments":[],"parameters":[],"attachmentsCount":0,"shouldDisplayMessage":false,"stepsCount":0,"hasContent":false,"attachmentStep":false},{"name":"base_url","time":{"start":1750683310959,"stop":1750683310959,"duration":0},"status":"passed","steps":[],"attachments":[],"parameters":[],"attachmentsCount":0,"shouldDisplayMessage":false,"stepsCount":0,"hasContent":false,"attachmentStep":false},{"name":"config","time":{"start":1750683313817,"stop":1750683313818,"duration":1},"status":"passed","steps":[],"attachments":[],"parameters":[],"attachmentsCount":0,"shouldDisplayMessage":false,"stepsCount":0,"hasContent":false,"attachmentStep":false}],"afterStages":[{"name":"browser::0","time":{"start":1750683369798,"stop":1750683372395,"duration":2597},"status":"passed","steps":[],"attachments":[],"parameters":[],"attachmentsCount":0,"shouldDisplayMessage":false,"stepsCount":0,"hasContent":false,"attachmentStep":false}],"labels":[{"name":"suite","value":"Contact Us Page Suite"},{"name":"feature","value":"Contact Us Page Tests"},{"name":"tag","value":"regression"},{"name":"parentSuite","value":"tests"},{"name":"subSuite","value":"TestContactUs"},{"name":"host","value":"DESKTOP-92FVP13"},{"name":"thread","value":"5440-MainThread"},{"name":"framework","value":"pytest"},{"name":"language","value":"cpython3"},{"name":"package","value":"tests.test_contactUs"},{"name":"resultFormat","value":"allure2"}],"parameters":[],"links":[],"hidden":true,"retry":true,"extra":{"categories":[],"tags":["regression"]},"source":"db7c06c581f4a66d.json","parameterValues":[]}